<?xml version="1.0" encoding="UTF-8"?>
<!-- Generated by org.testng.reporters.JUnitReportReporter -->
<testsuite hostname="SwatiP" failures="1" tests="10" name="TestRunner.MyTestRunner_UserPatient" time="4.971" errors="0" timestamp="2022-07-22T11:06:19 EDT" skipped="0">
  <testcase classname="TestRunner.MyTestRunner_UserPatient" name="runScenario" time="0.050"/>
  <system-out/>
  <testcase classname="TestRunner.MyTestRunner_UserPatient" name="runScenario" time="0.218"/>
  <system-out/>
  <testcase classname="TestRunner.MyTestRunner_UserPatient" name="runScenario" time="0.040"/>
  <system-out/>
  <testcase classname="TestRunner.MyTestRunner_UserPatient" name="runScenario" time="0.064"/>
  <system-out/>
  <testcase classname="TestRunner.MyTestRunner_UserPatient" name="runScenario" time="0.080"/>
  <system-out/>
  <testcase classname="TestRunner.MyTestRunner_UserPatient" name="runScenario" time="0.047"/>
  <system-out/>
  <testcase classname="TestRunner.MyTestRunner_UserPatient" name="runScenario" time="0.065">
    <failure message="expected [404] but found [401]" type="java.lang.AssertionError">
      <![CDATA[java.lang.AssertionError: expected [404] but found [401]
at org.testng.Assert.fail(Assert.java:110)
at org.testng.Assert.failNotEquals(Assert.java:1413)
at org.testng.Assert.assertEqualsImpl(Assert.java:149)
at org.testng.Assert.assertEquals(Assert.java:131)
at org.testng.Assert.assertEquals(Assert.java:1240)
at org.testng.Assert.assertEquals(Assert.java:1274)
at stepdefinitions.GetUser_UserType.status_unauthorized_access_should_be_displayed(GetUser_UserType.java:125)
at âœ½.Status 401 Unauthorized access should be displayed(file:///C:/Users/swati/git/DieticianAPI-Hackathon/src/test/resources/features/Users/GetUser_UserType.feature:37)
]]>
    </failure>
  </testcase> <!-- runScenario -->
  <system-out/>
  <testcase classname="TestRunner.MyTestRunner_UserPatient" name="runScenario" time="0.059"/>
  <system-out/>
  <testcase classname="TestRunner.MyTestRunner_UserPatient" name="runScenario" time="4.274"/>
  <system-out/>
  <testcase classname="TestRunner.MyTestRunner_UserPatient" name="runScenario" time="0.074"/>
  <system-out/>
</testsuite> <!-- TestRunner.MyTestRunner_UserPatient -->
